{
  "RSpec": {
    "coverage": {
      "/Users/cynicman2001/railsapps/peaceful-island-3906/config/environment.rb": [
        null,
        1,
        null,
        null,
        1
      ],
      "/Users/cynicman2001/railsapps/peaceful-island-3906/config/application.rb": [
        1,
        null,
        1,
        null,
        null,
        null,
        1,
        null,
        1,
        1,
        null,
        null,
        null,
        null,
        null,
        null,
        null,
        null,
        null,
        null,
        null,
        1,
        1,
        1,
        null,
        null,
        null
      ],
      "/Users/cynicman2001/railsapps/peaceful-island-3906/config/boot.rb": [
        null,
        1,
        null,
        1
      ],
      "/Users/cynicman2001/railsapps/peaceful-island-3906/config/environments/test.rb": [
        1,
        null,
        1,
        null,
        null,
        null,
        null,
        1,
        null,
        null,
        null,
        null,
        1,
        null,
        null,
        1,
        1,
        null,
        null,
        1,
        1,
        null,
        null,
        1,
        null,
        null,
        1,
        null,
        null,
        null,
        null,
        1,
        1,
        null,
        1,
        null,
        1,
        1,
        null,
        null,
        null,
        null,
        null,
        null,
        1,
        1,
        null,
        1,
        null,
        1,
        null,
        1,
        null,
        1,
        null,
        null,
        null,
        null,
        null,
        null,
        null,
        null,
        null,
        null,
        1,
        null,
        null,
        null,
        null,
        null,
        null,
        null,
        null,
        null,
        null
      ],
      "/Users/cynicman2001/railsapps/peaceful-island-3906/config/initializers/assets.rb": [
        1,
        null,
        null,
        null,
        null
      ],
      "/Users/cynicman2001/railsapps/peaceful-island-3906/config/initializers/backtrace_silencers.rb": [
        null,
        null,
        null,
        null,
        null,
        null,
        null
      ],
      "/Users/cynicman2001/railsapps/peaceful-island-3906/config/initializers/filter_parameter_logging.rb": [
        null,
        null,
        null,
        1
      ],
      "/Users/cynicman2001/railsapps/peaceful-island-3906/config/initializers/geocoder.rb": [
        1,
        null,
        null,
        null,
        null,
        null,
        null,
        null,
        null,
        null,
        null,
        null,
        null,
        null,
        null,
        null,
        null,
        null,
        null,
        null,
        null,
        null
      ],
      "/Users/cynicman2001/railsapps/peaceful-island-3906/config/initializers/inflections.rb": [
        null,
        null,
        null,
        null,
        null,
        null,
        null,
        null,
        null,
        null,
        null,
        null,
        null,
        null,
        null,
        null
      ],
      "/Users/cynicman2001/railsapps/peaceful-island-3906/config/initializers/mail.rb": [
        1,
        null,
        null,
        null,
        null,
        null,
        null,
        null,
        null,
        null,
        1
      ],
      "/Users/cynicman2001/railsapps/peaceful-island-3906/config/initializers/mailboxer.rb": [
        1,
        null,
        1,
        null,
        1,
        null,
        null
      ],
      "/Users/cynicman2001/railsapps/peaceful-island-3906/config/initializers/mime_types.rb": [
        null,
        null,
        null,
        null,
        null
      ],
      "/Users/cynicman2001/railsapps/peaceful-island-3906/config/initializers/omniauth.rb": [
        null,
        1,
        null,
        1,
        1,
        1,
        null
      ],
      "/Users/cynicman2001/railsapps/peaceful-island-3906/config/initializers/rails_admin.rb": [
        1,
        null,
        null,
        null,
        null,
        null,
        null,
        null,
        null,
        null,
        null,
        null,
        null,
        null,
        null,
        null,
        null,
        null,
        1,
        0,
        null,
        0,
        null,
        null,
        null,
        null,
        1,
        1,
        1,
        1,
        1,
        1,
        1,
        1,
        1,
        1,
        null,
        null,
        null,
        null,
        null,
        null
      ],
      "/Users/cynicman2001/railsapps/peaceful-island-3906/config/initializers/secret_token.rb": [
        null,
        null,
        null,
        null,
        null,
        null,
        null,
        null,
        null,
        null,
        null,
        1
      ],
      "/Users/cynicman2001/railsapps/peaceful-island-3906/config/initializers/session_store.rb": [
        null,
        null,
        1
      ],
      "/Users/cynicman2001/railsapps/peaceful-island-3906/config/initializers/wrap_parameters.rb": [
        null,
        null,
        null,
        null,
        null,
        null,
        1,
        1,
        null,
        null,
        null,
        null,
        null,
        null
      ],
      "/Users/cynicman2001/railsapps/peaceful-island-3906/spec/teaspoon_env.rb": [
        null,
        1,
        0,
        0,
        null,
        null,
        1,
        null,
        null,
        null,
        null,
        null,
        null,
        null,
        null,
        null,
        null,
        null,
        null,
        null,
        null,
        null,
        null,
        null,
        null,
        null,
        null,
        null,
        null,
        null,
        null,
        null,
        null,
        null,
        null,
        null,
        1,
        null,
        null,
        null,
        null,
        null,
        null,
        null,
        1,
        null,
        null,
        null,
        null,
        null,
        null,
        null,
        null,
        null,
        null,
        null,
        null,
        null,
        null,
        null,
        null,
        null,
        null,
        null,
        null,
        null,
        null,
        null,
        null,
        null,
        null,
        null,
        null,
        null,
        null,
        null,
        null,
        null,
        null,
        null,
        null,
        null,
        null,
        null,
        null,
        null,
        null,
        null,
        null,
        null,
        null,
        null,
        null,
        null,
        null,
        null,
        null,
        null,
        null,
        null,
        null,
        null,
        null,
        null,
        null,
        null,
        null,
        null,
        null,
        null,
        null,
        null,
        null,
        null,
        null,
        null,
        null,
        null,
        null,
        null,
        null,
        null,
        null,
        null,
        null,
        null,
        null,
        null,
        null,
        null,
        null,
        null,
        null,
        null,
        null,
        null,
        null,
        null,
        null,
        null,
        null,
        null,
        null,
        null,
        null,
        null,
        null,
        null,
        null,
        null,
        null,
        null,
        null,
        null,
        null,
        null,
        null,
        null,
        null,
        null,
        null,
        1,
        null,
        null,
        null,
        null,
        null,
        null,
        null,
        null,
        null,
        null,
        null,
        null,
        null,
        null,
        null,
        null,
        null,
        null,
        null,
        null
      ],
      "/Users/cynicman2001/railsapps/peaceful-island-3906/spec/factories/post.rb": [
        1,
        null,
        1,
        1,
        1,
        1,
        85,
        1,
        null,
        null,
        null
      ],
      "/Users/cynicman2001/railsapps/peaceful-island-3906/spec/factories/user.rb": [
        1,
        1,
        1,
        1,
        1,
        113,
        null,
        1,
        1,
        1,
        119,
        null,
        null,
        1,
        1,
        1,
        null,
        null
      ],
      "/Users/cynicman2001/railsapps/peaceful-island-3906/config/routes.rb": [
        1,
        null,
        1,
        1,
        1,
        1,
        null,
        1,
        1,
        null,
        1,
        1,
        1,
        null,
        1,
        1,
        null,
        1,
        1,
        null,
        1,
        1,
        1,
        null,
        1,
        1,
        null,
        1,
        1,
        1,
        1,
        1,
        null,
        null,
        null,
        1,
        1,
        null,
        1,
        1,
        null,
        null,
        1,
        null,
        1,
        null,
        null,
        1,
        null,
        1,
        null,
        null
      ],
      "/Users/cynicman2001/railsapps/peaceful-island-3906/app/helpers/application_helper.rb": [
        1,
        null
      ],
      "/Users/cynicman2001/railsapps/peaceful-island-3906/app/helpers/dibs_helper.rb": [
        1,
        null
      ],
      "/Users/cynicman2001/railsapps/peaceful-island-3906/app/helpers/dibs_controller_helper.rb": [
        1,
        null
      ],
      "/Users/cynicman2001/railsapps/peaceful-island-3906/app/helpers/feedbacks_helper.rb": [
        1,
        null
      ],
      "/Users/cynicman2001/railsapps/peaceful-island-3906/app/helpers/messages_helper.rb": [
        1,
        null
      ],
      "/Users/cynicman2001/railsapps/peaceful-island-3906/app/helpers/password_resets_helper.rb": [
        1,
        null
      ],
      "/Users/cynicman2001/railsapps/peaceful-island-3906/app/helpers/posts_helper.rb": [
        1,
        null
      ],
      "/Users/cynicman2001/railsapps/peaceful-island-3906/app/helpers/sessions_helper.rb": [
        1,
        null
      ],
      "/Users/cynicman2001/railsapps/peaceful-island-3906/app/helpers/users_helper.rb": [
        1,
        null
      ],
      "/Users/cynicman2001/railsapps/peaceful-island-3906/spec/vcr_setup.rb": [
        1,
        null,
        1,
        1,
        1,
        1,
        1,
        null
      ],
      "/Users/cynicman2001/railsapps/peaceful-island-3906/spec/support/authentication_helpers.rb": [
        1,
        null,
        1,
        1,
        32,
        32,
        null,
        null,
        null,
        null,
        null
      ],
      "/Users/cynicman2001/railsapps/peaceful-island-3906/app/controllers/dibs_controller.rb": [
        1,
        null,
        1,
        6,
        null,
        5,
        5,
        null,
        null,
        5,
        3,
        null,
        2,
        null,
        null,
        null,
        1,
        null,
        null,
        null,
        1,
        3,
        null,
        3,
        2,
        2,
        2,
        null,
        1,
        null,
        null,
        null,
        null,
        1,
        null
      ],
      "/Users/cynicman2001/railsapps/peaceful-island-3906/app/controllers/application_controller.rb": [
        1,
        null,
        null,
        1,
        1,
        null,
        1,
        null,
        1,
        26,
        null,
        null,
        null,
        null,
        null,
        null
      ],
      "/Users/cynicman2001/railsapps/peaceful-island-3906/spec/controllers/messages_controller_spec.rb": [
        1,
        null,
        1,
        1,
        null,
        null,
        1,
        15,
        15,
        null,
        null,
        1,
        1,
        null,
        1,
        1,
        null,
        1,
        1,
        null,
        1,
        1,
        null,
        1,
        1,
        null,
        1,
        null,
        1,
        1,
        1,
        1,
        null,
        null,
        1,
        1,
        null,
        1,
        null,
        1,
        null,
        1,
        1,
        1,
        1,
        null,
        null,
        1,
        1,
        1,
        1,
        null,
        1,
        null,
        null,
        1,
        null,
        1,
        1,
        1,
        1,
        null,
        null,
        null,
        null,
        1,
        1,
        4,
        4,
        null,
        null,
        1,
        1,
        1,
        null,
        1,
        1,
        1,
        1,
        null,
        null,
        1,
        1,
        1,
        1,
        1,
        1,
        null,
        null,
        1,
        1,
        1,
        1,
        1,
        1,
        null,
        null,
        null,
        1,
        1,
        3,
        3,
        null,
        null,
        null,
        1,
        1,
        1,
        null,
        1,
        1,
        1,
        1,
        null,
        null,
        1,
        1,
        1,
        1,
        1,
        1,
        null,
        null,
        1,
        1,
        3,
        3,
        null,
        null,
        null,
        1,
        1,
        1,
        null,
        1,
        1,
        1,
        1,
        null,
        null,
        1,
        1,
        1,
        1,
        1,
        1,
        null,
        null,
        null,
        null
      ],
      "/Users/cynicman2001/railsapps/peaceful-island-3906/app/controllers/messages_controller.rb": [
        1,
        1,
        null,
        1,
        4,
        4,
        null,
        null,
        1,
        null,
        3,
        3,
        null,
        3,
        null,
        null,
        1,
        0,
        0,
        null,
        null,
        1,
        2,
        null,
        2,
        null,
        0,
        0,
        null,
        2,
        null,
        2,
        2,
        null,
        null,
        null,
        null,
        1,
        2,
        2,
        null,
        2,
        2,
        null,
        2,
        null,
        2,
        null,
        2,
        null,
        0,
        null,
        null,
        null,
        1,
        null,
        null,
        1,
        15,
        4,
        null,
        null,
        null,
        null,
        null,
        1,
        12,
        null,
        null,
        1,
        7,
        null,
        16,
        null,
        null
      ],
      "/Users/cynicman2001/railsapps/peaceful-island-3906/spec/controllers/password_resets_controller_spec.rb": [
        1,
        null,
        1,
        null,
        null,
        1,
        1,
        5,
        null,
        1,
        1,
        1,
        null,
        null,
        null,
        1,
        4,
        null,
        null,
        1,
        2,
        null,
        null,
        1,
        1,
        1,
        null,
        null,
        null,
        1,
        1,
        1,
        1,
        null,
        null,
        null,
        null,
        null,
        1,
        1,
        2,
        2,
        null,
        1,
        1,
        1,
        null,
        null,
        null,
        1,
        1,
        1,
        1,
        1,
        null,
        null,
        null,
        null,
        null,
        null,
        1,
        1,
        1,
        1,
        1,
        null,
        null,
        null,
        null,
        1,
        3,
        3,
        null,
        1,
        null,
        1,
        1,
        null,
        1,
        1,
        null,
        null,
        null,
        null,
        1,
        1,
        null,
        1,
        1,
        null,
        null,
        null,
        null,
        null,
        null,
        null,
        null,
        null,
        null,
        null,
        null,
        null
      ],
      "/Users/cynicman2001/railsapps/peaceful-island-3906/app/controllers/password_resets_controller.rb": [
        1,
        1,
        5,
        null,
        5,
        4,
        4,
        4,
        null,
        1,
        null,
        null,
        null,
        1,
        2,
        2,
        1,
        null,
        1,
        null,
        null,
        null,
        null,
        1,
        3,
        3,
        2,
        2,
        2,
        null,
        1,
        null,
        null,
        null,
        null,
        null,
        1,
        null,
        1,
        2,
        null,
        null,
        null
      ],
      "/Users/cynicman2001/railsapps/peaceful-island-3906/spec/controllers/posts_controller_spec.rb": [
        1,
        null,
        1,
        1,
        null,
        1,
        null,
        null,
        1,
        6,
        6,
        null,
        null,
        1,
        1,
        6,
        6,
        6,
        null,
        null,
        1,
        null,
        1,
        1,
        1,
        null,
        null,
        null,
        1,
        null,
        1,
        1,
        1,
        1,
        null,
        1,
        1,
        1,
        1,
        null,
        1,
        null,
        1,
        1,
        1,
        1,
        1,
        null,
        1,
        1,
        1,
        null,
        null,
        null,
        null,
        1,
        null,
        1,
        null,
        1,
        1,
        1,
        null,
        1,
        null,
        1,
        1,
        1,
        null,
        1,
        null,
        1,
        1,
        1,
        1,
        null,
        null,
        1,
        1,
        1,
        1,
        1,
        1,
        1,
        1,
        1,
        1,
        null,
        null,
        null,
        1,
        1,
        7,
        null,
        null,
        1,
        null,
        1,
        1,
        1,
        null,
        null,
        null,
        1,
        1,
        1,
        1,
        1,
        null,
        null,
        null,
        1,
        1,
        1,
        1,
        null,
        null,
        null,
        null,
        null,
        null,
        null,
        1,
        1,
        5,
        5,
        null,
        null,
        null,
        1,
        1,
        1,
        1,
        1,
        null,
        1,
        1,
        1,
        1,
        1,
        null,
        null,
        1,
        1,
        1,
        1,
        null,
        null,
        1,
        1,
        1,
        1,
        null,
        null,
        1,
        1,
        1,
        null,
        null,
        null,
        null,
        null,
        null,
        1,
        null,
        null,
        null,
        null,
        null,
        1,
        1,
        4,
        4,
        null,
        null,
        null,
        null,
        null,
        null,
        1,
        null,
        1,
        1,
        1,
        null,
        null,
        null,
        1,
        1,
        3,
        3,
        null,
        null,
        null,
        1,
        1,
        1,
        1,
        null,
        null,
        1,
        1,
        1,
        1,
        null,
        null,
        1,
        1,
        1,
        1,
        1,
        null,
        null,
        null,
        null,
        null,
        1,
        null,
        null,
        1,
        6,
        6,
        null,
        null,
        null,
        1,
        1,
        1,
        1,
        null,
        null,
        null,
        null,
        1,
        null,
        1,
        1,
        1,
        1,
        null,
        null,
        null,
        1,
        null,
        1,
        1,
        1,
        1,
        1,
        null,
        null,
        null,
        1,
        null,
        1,
        1,
        1,
        1,
        1,
        1,
        null,
        null,
        1,
        null,
        1,
        1,
        1,
        1,
        1,
        1,
        null,
        null,
        null,
        1,
        1,
        1,
        null,
        1,
        1,
        1,
        1,
        null,
        null,
        null,
        null,
        1,
        1,
        4,
        4,
        null,
        null,
        null,
        null,
        4,
        null,
        null,
        1,
        null,
        1,
        1,
        null,
        null,
        1,
        1,
        1,
        1,
        null,
        1,
        1,
        1,
        1,
        null,
        1,
        1,
        1,
        1,
        1,
        1,
        null,
        null,
        null,
        null,
        1,
        null,
        1,
        4,
        4,
        16,
        null,
        null,
        null,
        null,
        null,
        null,
        4,
        24,
        null,
        null,
        null,
        null,
        null,
        null,
        null,
        null,
        1,
        1,
        1,
        null,
        null,
        1,
        1,
        1,
        1,
        null,
        1,
        null,
        1,
        1,
        1,
        null,
        1,
        null,
        1,
        1,
        1,
        null,
        null,
        null,
        null,
        null,
        null
      ],
      "/Users/cynicman2001/railsapps/peaceful-island-3906/app/controllers/posts_controller.rb": [
        1,
        null,
        null,
        null,
        null,
        null,
        1,
        0,
        null,
        0,
        0,
        null,
        0,
        null,
        null,
        null,
        1,
        4,
        4,
        3,
        8,
        null,
        3,
        3,
        3,
        null,
        1,
        null,
        null,
        null,
        1,
        7,
        6,
        16,
        null,
        6,
        6,
        null,
        null,
        null,
        6,
        3,
        3,
        null,
        3,
        null,
        null,
        1,
        null,
        null,
        null,
        null,
        null,
        1,
        0,
        null,
        0,
        null,
        0,
        0,
        0,
        0,
        null,
        null,
        0,
        null,
        null,
        null,
        null,
        null,
        null,
        1,
        null,
        6,
        null,
        null,
        null,
        9,
        null,
        6,
        null,
        null,
        null,
        null,
        null,
        1,
        4,
        4,
        2,
        null,
        24,
        4,
        null,
        null,
        null,
        1,
        6,
        5,
        null,
        null,
        null,
        null,
        5,
        null,
        1,
        null,
        null,
        null,
        1,
        4,
        4,
        null,
        null,
        null,
        null,
        1,
        null,
        1,
        9,
        null,
        null,
        null,
        null
      ],
      "/Users/cynicman2001/railsapps/peaceful-island-3906/spec/controllers/sessions_controller_spec.rb": [
        1,
        null,
        1,
        null,
        1,
        1,
        5,
        5,
        null,
        null,
        1,
        2,
        2,
        null,
        1,
        1,
        1,
        null,
        null,
        1,
        2,
        2,
        null,
        1,
        1,
        null,
        null,
        null,
        1,
        2,
        2,
        null,
        1,
        1,
        1,
        null,
        null,
        1,
        2,
        2,
        null,
        1,
        1,
        1,
        null,
        null,
        null,
        null,
        1,
        2,
        2,
        1,
        1,
        null,
        null,
        null,
        null,
        null,
        null,
        1,
        1,
        null,
        1,
        1,
        null,
        null,
        null,
        1,
        1,
        2,
        2,
        null,
        null,
        1,
        1,
        1,
        1,
        1,
        null,
        null,
        null,
        1,
        1,
        1,
        1,
        1,
        null,
        null,
        null,
        null,
        null
      ],
      "/Users/cynicman2001/railsapps/peaceful-island-3906/app/controllers/sessions_controller.rb": [
        1,
        1,
        null,
        7,
        null,
        7,
        5,
        5,
        5,
        5,
        5,
        5,
        null,
        2,
        null,
        null,
        null,
        1,
        0,
        0,
        0,
        0,
        null,
        null,
        null,
        null,
        null,
        1,
        2,
        2,
        2,
        2,
        2,
        2,
        null,
        null,
        1,
        2,
        null,
        1,
        null,
        null,
        null,
        null,
        1,
        null,
        null,
        null,
        null,
        null,
        1,
        null,
        null,
        1,
        0,
        null,
        null,
        null
      ],
      "/Users/cynicman2001/railsapps/peaceful-island-3906/spec/controllers/users_controller_spec.rb": [
        null,
        1,
        null,
        1,
        null,
        1,
        1,
        3,
        null,
        null,
        1,
        2,
        null,
        1,
        1,
        null,
        null,
        null,
        null,
        1,
        2,
        null,
        1,
        1,
        null,
        null,
        null,
        1,
        2,
        null,
        1,
        1,
        1,
        1,
        1,
        null,
        null,
        null,
        null,
        null,
        null,
        null,
        1,
        null,
        null,
        1,
        1,
        3,
        3,
        3,
        3,
        null,
        null,
        1,
        1,
        null,
        null,
        1,
        1,
        1,
        1,
        null,
        null,
        1,
        1,
        1,
        1,
        null,
        null,
        null,
        null,
        1,
        1,
        3,
        3,
        3,
        3,
        null,
        null,
        null,
        1,
        1,
        null,
        null,
        1,
        1,
        null,
        null,
        1,
        1,
        null,
        null,
        null,
        null,
        null,
        null,
        null,
        null,
        null,
        null
      ],
      "/Users/cynicman2001/railsapps/peaceful-island-3906/app/controllers/users_controller.rb": [
        1,
        null,
        null,
        null,
        1,
        null,
        null,
        null,
        null,
        1,
        4,
        null,
        null,
        4,
        2,
        2,
        null,
        2,
        null,
        null,
        null,
        null,
        1,
        9,
        9,
        4,
        null,
        4,
        null,
        5,
        null,
        null,
        null,
        null,
        null,
        null,
        1,
        null,
        null,
        null,
        null,
        1,
        4,
        null,
        null,
        null,
        null,
        null,
        null,
        null,
        null,
        null,
        null,
        null,
        null,
        null,
        null
      ],
      "/Users/cynicman2001/railsapps/peaceful-island-3906/spec/models/dib_spec.rb": [
        1,
        null,
        1,
        1,
        1,
        1,
        5,
        5,
        5,
        null,
        null,
        1,
        1,
        1,
        1,
        null,
        null,
        1,
        null,
        1,
        1,
        null,
        null,
        1,
        1,
        1,
        1,
        1,
        1,
        1,
        null,
        null,
        1,
        1,
        1,
        1,
        1,
        1,
        1,
        1,
        1,
        1,
        null,
        1,
        1,
        1,
        1,
        1,
        1,
        1,
        1,
        1,
        1,
        null,
        null,
        null,
        null,
        null,
        null,
        null
      ],
      "/Users/cynicman2001/railsapps/peaceful-island-3906/app/models/dib.rb": [
        1,
        1,
        1,
        1,
        null,
        null,
        1,
        null,
        1,
        null,
        null,
        1,
        1,
        null,
        1,
        41,
        41,
        null,
        null,
        1,
        18,
        18,
        null,
        null,
        null,
        null,
        null,
        1,
        1,
        1,
        1,
        1,
        1,
        24,
        null,
        null,
        null,
        1,
        4,
        null,
        null,
        1,
        18,
        18,
        null,
        null,
        1,
        2,
        1,
        null,
        2,
        null,
        null,
        null,
        1,
        45,
        3,
        null,
        null,
        null,
        1,
        18,
        null,
        null,
        null,
        null,
        null,
        null,
        1,
        18,
        null,
        null,
        1,
        18,
        18,
        18,
        18,
        null,
        null,
        1,
        24,
        3,
        null,
        null,
        null,
        1,
        45,
        45,
        0,
        null,
        null,
        null,
        null,
        1,
        18,
        null,
        null,
        null,
        null
      ],
      "/Users/cynicman2001/railsapps/peaceful-island-3906/app/models/user.rb": [
        1,
        1,
        1,
        1,
        1,
        null,
        null,
        1,
        1,
        1,
        1,
        null,
        1,
        1,
        1,
        null,
        1,
        1,
        1,
        1,
        1,
        null,
        1,
        25,
        null,
        1,
        1,
        null,
        null,
        1,
        null,
        7,
        7,
        null,
        7,
        5,
        null,
        null,
        null,
        null,
        null,
        1,
        0,
        0,
        0,
        0,
        0,
        0,
        0,
        0,
        0,
        null,
        0,
        null,
        null,
        0,
        0,
        0,
        0,
        0,
        0,
        0,
        0,
        0,
        0,
        0,
        0,
        0,
        0,
        0,
        null,
        null,
        null,
        null,
        1,
        153,
        146,
        146,
        null,
        null,
        null,
        1,
        82,
        null,
        null,
        null,
        1,
        9,
        null,
        null,
        1,
        153,
        null,
        null,
        1,
        12,
        12,
        null,
        null,
        null,
        1,
        null,
        153,
        null,
        null,
        1,
        261,
        null,
        null,
        null,
        1,
        134,
        null,
        null
      ],
      "/Users/cynicman2001/railsapps/peaceful-island-3906/app/models/post.rb": [
        1,
        null,
        1,
        1,
        1,
        null,
        null,
        null,
        null,
        null,
        1,
        null,
        null,
        1,
        1,
        1,
        null,
        1,
        1,
        null,
        1,
        null,
        null,
        190,
        null,
        null,
        1,
        1,
        1,
        1,
        1,
        null,
        1,
        87,
        87,
        87,
        null,
        null,
        null,
        1,
        18,
        null,
        null,
        null,
        1,
        87,
        null,
        null,
        null,
        null,
        87,
        null,
        null,
        1,
        4,
        null,
        null,
        1,
        20,
        20,
        20,
        20,
        null,
        null,
        1,
        3,
        3,
        3,
        3,
        3,
        3,
        null,
        null,
        1,
        90,
        null,
        null,
        1,
        2,
        2,
        null,
        null,
        1,
        214,
        214,
        1,
        null,
        null,
        null,
        null,
        1,
        0,
        null,
        null,
        1,
        18,
        null,
        null,
        null,
        1,
        87,
        null,
        null,
        1,
        null,
        1,
        null,
        87,
        null,
        null,
        null,
        null,
        null
      ],
      "/Users/cynicman2001/railsapps/peaceful-island-3906/app/models/message.rb": [
        1,
        1,
        1,
        1,
        null,
        1,
        null,
        1,
        null,
        1,
        1,
        1,
        1,
        null,
        1,
        0,
        null,
        0,
        0,
        0,
        null,
        null,
        null,
        null,
        null,
        null,
        null,
        0,
        0,
        0,
        null,
        null,
        0,
        null,
        null,
        null,
        null,
        1,
        0,
        null,
        null
      ],
      "/Users/cynicman2001/railsapps/peaceful-island-3906/spec/models/post_spec.rb": [
        1,
        null,
        1,
        1,
        1,
        1,
        5,
        5,
        5,
        null,
        null,
        1,
        1,
        null,
        1,
        1,
        1,
        1,
        2,
        null,
        1,
        1,
        null,
        null,
        1,
        1,
        null,
        null,
        1,
        1,
        null,
        null,
        null,
        null,
        null,
        1,
        1,
        3,
        3,
        3,
        null,
        null,
        1,
        null,
        1,
        1,
        1,
        null,
        null,
        null,
        1,
        null,
        1,
        1,
        1,
        1,
        1,
        null,
        null,
        null,
        1,
        1,
        1,
        1,
        1,
        1,
        1,
        1,
        null,
        null,
        null,
        null,
        null,
        null,
        null,
        null
      ],
      "/Users/cynicman2001/railsapps/peaceful-island-3906/spec/models/user_spec.rb": [
        1,
        null,
        1,
        1,
        null,
        null,
        null,
        null,
        null,
        null,
        null,
        0,
        null,
        null,
        null,
        1,
        3,
        1,
        4,
        null,
        null,
        1,
        1,
        1,
        null,
        null,
        1,
        2,
        null,
        1,
        1,
        null,
        null,
        null,
        1,
        3,
        null,
        1,
        1,
        null,
        null,
        1,
        1,
        1,
        1,
        null,
        null,
        1,
        3,
        1,
        1,
        1,
        1,
        1,
        null,
        null,
        1,
        1,
        1,
        1,
        1,
        null,
        null,
        null,
        null,
        null,
        null
      ],
      "/Users/cynicman2001/railsapps/peaceful-island-3906/app/mailers/notifier.rb": [
        1,
        1,
        null,
        1,
        4,
        4,
        4,
        null,
        null,
        null,
        null,
        1,
        18,
        18,
        18,
        18,
        null,
        null,
        null,
        1,
        12,
        12,
        12,
        null,
        null,
        null
      ],
      "/Users/cynicman2001/railsapps/peaceful-island-3906/app/serializers/message_serializer.rb": [
        1,
        1,
        null,
        1,
        9,
        null,
        null
      ],
      "/Users/cynicman2001/railsapps/peaceful-island-3906/app/serializers/post_serializer.rb": [
        1,
        1,
        null,
        null,
        null,
        1,
        31,
        null,
        null,
        1,
        31,
        null,
        null,
        null,
        1,
        31,
        null,
        null,
        null
      ]
    },
    "timestamp": 1431701780
  },
  "Cucumber Features": {
    "coverage": {
      "/Users/cynicman2001/railsapps/peaceful-island-3906/app/controllers/posts_controller.rb": [
        1,
        null,
        null,
        null,
        null,
        null,
        1,
        3,
        null,
        3,
        0,
        null,
        3,
        null,
        null,
        null,
        1,
        0,
        0,
        0,
        0,
        null,
        0,
        0,
        0,
        null,
        0,
        null,
        null,
        null,
        1,
        0,
        0,
        0,
        null,
        0,
        0,
        null,
        null,
        null,
        0,
        0,
        0,
        null,
        0,
        null,
        null,
        0,
        null,
        null,
        null,
        null,
        null,
        1,
        0,
        null,
        0,
        null,
        0,
        0,
        0,
        0,
        null,
        null,
        0,
        null,
        null,
        null,
        null,
        null,
        null,
        1,
        null,
        1,
        null,
        null,
        null,
        1,
        null,
        1,
        null,
        null,
        null,
        null,
        null,
        1,
        0,
        0,
        0,
        null,
        0,
        0,
        null,
        null,
        null,
        1,
        0,
        0,
        null,
        null,
        null,
        null,
        0,
        null,
        0,
        null,
        null,
        null,
        1,
        0,
        0,
        null,
        null,
        null,
        null,
        1,
        null,
        1,
        0,
        null,
        null,
        null,
        null
      ],
      "/Users/cynicman2001/railsapps/peaceful-island-3906/app/controllers/application_controller.rb": [
        1,
        null,
        null,
        1,
        1,
        null,
        1,
        null,
        1,
        2,
        null,
        null,
        null,
        null,
        null,
        null
      ],
      "/Users/cynicman2001/railsapps/peaceful-island-3906/app/helpers/application_helper.rb": [
        1,
        null
      ],
      "/Users/cynicman2001/railsapps/peaceful-island-3906/app/helpers/dibs_helper.rb": [
        1,
        null
      ],
      "/Users/cynicman2001/railsapps/peaceful-island-3906/app/helpers/dibs_controller_helper.rb": [
        1,
        null
      ],
      "/Users/cynicman2001/railsapps/peaceful-island-3906/app/helpers/feedbacks_helper.rb": [
        1,
        null
      ],
      "/Users/cynicman2001/railsapps/peaceful-island-3906/app/helpers/messages_helper.rb": [
        1,
        null
      ],
      "/Users/cynicman2001/railsapps/peaceful-island-3906/app/helpers/password_resets_helper.rb": [
        1,
        null
      ],
      "/Users/cynicman2001/railsapps/peaceful-island-3906/app/helpers/posts_helper.rb": [
        1,
        null
      ],
      "/Users/cynicman2001/railsapps/peaceful-island-3906/app/helpers/sessions_helper.rb": [
        1,
        null
      ],
      "/Users/cynicman2001/railsapps/peaceful-island-3906/app/helpers/users_helper.rb": [
        1,
        null
      ],
      "/Users/cynicman2001/railsapps/peaceful-island-3906/app/controllers/sessions_controller.rb": [
        1,
        1,
        null,
        1,
        null,
        1,
        1,
        1,
        1,
        1,
        1,
        1,
        null,
        0,
        null,
        null,
        null,
        1,
        0,
        0,
        0,
        0,
        null,
        null,
        null,
        null,
        null,
        1,
        0,
        0,
        0,
        0,
        0,
        0,
        null,
        null,
        1,
        1,
        null,
        0,
        null,
        null,
        null,
        null,
        1,
        null,
        null,
        null,
        null,
        null,
        1,
        null,
        null,
        1,
        0,
        null,
        null,
        null
      ],
      "/Users/cynicman2001/railsapps/peaceful-island-3906/app/models/post.rb": [
        1,
        null,
        1,
        1,
        1,
        null,
        null,
        null,
        null,
        null,
        1,
        null,
        null,
        1,
        1,
        1,
        null,
        1,
        1,
        null,
        1,
        null,
        null,
        2,
        null,
        null,
        1,
        1,
        1,
        1,
        1,
        null,
        1,
        0,
        0,
        0,
        null,
        null,
        null,
        1,
        0,
        null,
        null,
        null,
        1,
        0,
        null,
        null,
        null,
        null,
        0,
        null,
        null,
        1,
        0,
        null,
        null,
        1,
        0,
        0,
        0,
        0,
        null,
        null,
        1,
        0,
        0,
        0,
        0,
        0,
        0,
        null,
        null,
        1,
        0,
        null,
        null,
        1,
        0,
        0,
        null,
        null,
        1,
        0,
        0,
        0,
        null,
        null,
        null,
        null,
        1,
        0,
        null,
        null,
        1,
        0,
        null,
        null,
        null,
        1,
        0,
        null,
        null,
        1,
        null,
        1,
        null,
        0,
        null,
        null,
        null,
        null,
        null
      ],
      "/Users/cynicman2001/railsapps/peaceful-island-3906/app/models/user.rb": [
        1,
        1,
        1,
        1,
        1,
        null,
        null,
        1,
        1,
        1,
        1,
        null,
        1,
        1,
        1,
        null,
        1,
        1,
        1,
        1,
        1,
        null,
        1,
        1,
        null,
        0,
        0,
        null,
        null,
        1,
        null,
        1,
        1,
        null,
        1,
        1,
        null,
        null,
        null,
        null,
        null,
        1,
        0,
        0,
        0,
        0,
        0,
        0,
        0,
        0,
        0,
        null,
        0,
        null,
        null,
        0,
        0,
        0,
        0,
        0,
        0,
        0,
        0,
        0,
        0,
        0,
        0,
        0,
        0,
        0,
        null,
        null,
        null,
        null,
        1,
        1,
        1,
        1,
        null,
        null,
        null,
        1,
        0,
        null,
        null,
        null,
        1,
        0,
        null,
        null,
        1,
        1,
        null,
        null,
        1,
        1,
        1,
        null,
        null,
        null,
        1,
        null,
        1,
        null,
        null,
        1,
        0,
        null,
        null,
        null,
        1,
        1,
        null,
        null
      ],
      "/Users/cynicman2001/railsapps/peaceful-island-3906/app/models/dib.rb": [
        1,
        1,
        1,
        1,
        null,
        null,
        1,
        null,
        1,
        null,
        null,
        1,
        1,
        null,
        1,
        0,
        0,
        null,
        null,
        1,
        0,
        0,
        null,
        null,
        null,
        null,
        null,
        1,
        1,
        1,
        1,
        1,
        1,
        0,
        null,
        null,
        null,
        1,
        0,
        null,
        null,
        1,
        0,
        0,
        null,
        null,
        1,
        0,
        0,
        null,
        0,
        null,
        null,
        null,
        1,
        0,
        0,
        null,
        null,
        null,
        1,
        0,
        null,
        null,
        null,
        null,
        null,
        null,
        1,
        0,
        null,
        null,
        1,
        0,
        0,
        0,
        0,
        null,
        null,
        1,
        0,
        0,
        null,
        null,
        null,
        1,
        0,
        0,
        0,
        null,
        null,
        null,
        null,
        1,
        0,
        null,
        null,
        null,
        null
      ],
      "/Users/cynicman2001/railsapps/peaceful-island-3906/app/models/message.rb": [
        1,
        1,
        1,
        1,
        null,
        1,
        null,
        1,
        null,
        1,
        1,
        1,
        1,
        null,
        1,
        0,
        null,
        0,
        0,
        0,
        null,
        null,
        null,
        null,
        null,
        null,
        null,
        0,
        0,
        0,
        null,
        null,
        0,
        null,
        null,
        null,
        null,
        1,
        0,
        null,
        null
      ],
      "/Users/cynicman2001/railsapps/peaceful-island-3906/app/controllers/users_controller.rb": [
        1,
        null,
        null,
        null,
        1,
        null,
        null,
        null,
        null,
        1,
        1,
        null,
        null,
        1,
        1,
        1,
        null,
        0,
        null,
        null,
        null,
        null,
        1,
        0,
        0,
        0,
        null,
        0,
        null,
        0,
        null,
        null,
        null,
        null,
        null,
        null,
        1,
        null,
        null,
        null,
        null,
        1,
        1,
        null,
        null,
        null,
        null,
        null,
        null,
        null,
        null,
        null,
        null,
        null,
        null,
        null,
        null
      ],
      "/Users/cynicman2001/railsapps/peaceful-island-3906/app/mailers/notifier.rb": [
        1,
        1,
        null,
        1,
        0,
        0,
        0,
        null,
        null,
        null,
        null,
        1,
        0,
        0,
        0,
        0,
        null,
        null,
        null,
        1,
        1,
        1,
        1,
        null,
        null,
        null
      ]
    },
    "timestamp": 1431708470
  }
}
