{
  "RSpec": {
    "coverage": {
      "/Users/cynicman2001/railsapps/peaceful-island-3906/config/environment.rb": [
        null,
        1,
        null,
        null,
        1
      ],
      "/Users/cynicman2001/railsapps/peaceful-island-3906/config/application.rb": [
        1,
        null,
        1,
        null,
        null,
        null,
        1,
        null,
        1,
        1,
        null,
        null,
        null,
        null,
        null,
        null,
        null,
        null,
        null,
        null,
        null,
        1,
        1,
        1,
        null,
        null,
        null
      ],
      "/Users/cynicman2001/railsapps/peaceful-island-3906/config/boot.rb": [
        null,
        1,
        null,
        1
      ],
      "/Users/cynicman2001/railsapps/peaceful-island-3906/config/environments/test.rb": [
        1,
        null,
        1,
        null,
        null,
        null,
        null,
        1,
        null,
        null,
        null,
        null,
        1,
        null,
        null,
        1,
        1,
        null,
        null,
        1,
        1,
        null,
        null,
        1,
        null,
        null,
        1,
        null,
        null,
        null,
        null,
        1,
        null,
        1,
        null,
        1,
        1,
        null,
        null,
        null,
        null,
        null,
        null,
        null,
        null,
        1
      ],
      "/Users/cynicman2001/railsapps/peaceful-island-3906/config/initializers/assets.rb": [
        1,
        null,
        null,
        null,
        null
      ],
      "/Users/cynicman2001/railsapps/peaceful-island-3906/config/initializers/backtrace_silencers.rb": [
        null,
        null,
        null,
        null,
        null,
        null,
        null
      ],
      "/Users/cynicman2001/railsapps/peaceful-island-3906/config/initializers/filter_parameter_logging.rb": [
        null,
        null,
        null,
        1
      ],
      "/Users/cynicman2001/railsapps/peaceful-island-3906/config/initializers/geocoder.rb": [
        1,
        null,
        null,
        null,
        null,
        null,
        null,
        null,
        null,
        null,
        null,
        null,
        null,
        null,
        null,
        null,
        null,
        null,
        null,
        null,
        null,
        null
      ],
      "/Users/cynicman2001/railsapps/peaceful-island-3906/config/initializers/inflections.rb": [
        null,
        null,
        null,
        null,
        null,
        null,
        null,
        null,
        null,
        null,
        null,
        null,
        null,
        null,
        null,
        null
      ],
      "/Users/cynicman2001/railsapps/peaceful-island-3906/config/initializers/mailboxer.rb": [
        1,
        null,
        1,
        null,
        1,
        null,
        null
      ],
      "/Users/cynicman2001/railsapps/peaceful-island-3906/config/initializers/mime_types.rb": [
        null,
        null,
        null,
        null,
        null
      ],
      "/Users/cynicman2001/railsapps/peaceful-island-3906/config/initializers/recaptcha.rb": [
        1,
        1,
        1,
        null
      ],
      "/Users/cynicman2001/railsapps/peaceful-island-3906/config/initializers/secret_token.rb": [
        null,
        null,
        null,
        null,
        null,
        null,
        null,
        null,
        null,
        null,
        null,
        1
      ],
      "/Users/cynicman2001/railsapps/peaceful-island-3906/config/initializers/session_store.rb": [
        null,
        null,
        1
      ],
      "/Users/cynicman2001/railsapps/peaceful-island-3906/config/initializers/wrap_parameters.rb": [
        null,
        null,
        null,
        null,
        null,
        null,
        1,
        1,
        null,
        null,
        null,
        null,
        null,
        null
      ],
      "/Users/cynicman2001/railsapps/peaceful-island-3906/spec/teaspoon_env.rb": [
        null,
        1,
        0,
        0,
        null,
        null,
        1,
        null,
        null,
        null,
        null,
        null,
        null,
        null,
        null,
        null,
        null,
        null,
        null,
        null,
        null,
        null,
        null,
        null,
        null,
        null,
        null,
        null,
        null,
        null,
        null,
        null,
        null,
        null,
        null,
        null,
        1,
        null,
        null,
        null,
        null,
        null,
        null,
        null,
        1,
        null,
        null,
        null,
        null,
        null,
        null,
        null,
        null,
        null,
        null,
        null,
        null,
        null,
        null,
        null,
        null,
        null,
        null,
        null,
        null,
        null,
        null,
        null,
        null,
        null,
        null,
        null,
        null,
        null,
        null,
        null,
        null,
        null,
        null,
        null,
        null,
        null,
        null,
        null,
        null,
        null,
        null,
        null,
        null,
        null,
        null,
        null,
        null,
        null,
        null,
        null,
        null,
        null,
        null,
        null,
        null,
        null,
        null,
        null,
        null,
        null,
        null,
        null,
        null,
        null,
        null,
        null,
        null,
        null,
        null,
        null,
        null,
        null,
        null,
        null,
        null,
        null,
        null,
        null,
        null,
        null,
        null,
        null,
        null,
        null,
        null,
        null,
        null,
        null,
        null,
        null,
        null,
        null,
        null,
        null,
        null,
        null,
        null,
        null,
        null,
        null,
        null,
        null,
        null,
        null,
        null,
        null,
        null,
        null,
        null,
        null,
        null,
        null,
        null,
        null,
        null,
        1,
        null,
        null,
        null,
        null,
        null,
        null,
        null,
        null,
        null,
        null,
        null,
        null,
        null,
        null,
        null,
        null,
        null,
        null,
        null,
        null
      ],
      "/Users/cynicman2001/railsapps/peaceful-island-3906/spec/factories/post.rb": [
        1,
        null,
        1,
        1,
        1,
        1,
        16,
        null,
        null,
        null
      ],
      "/Users/cynicman2001/railsapps/peaceful-island-3906/spec/factories/user.rb": [
        1,
        1,
        1,
        1,
        1,
        1,
        1,
        1,
        1,
        1,
        null,
        null
      ],
      "/Users/cynicman2001/railsapps/peaceful-island-3906/config/routes.rb": [
        1,
        1,
        1,
        1,
        null,
        1,
        1,
        1,
        1,
        null,
        1,
        1,
        null,
        1,
        1,
        1,
        1,
        1,
        1,
        1,
        1,
        null,
        1,
        null,
        1,
        null
      ],
      "/Users/cynicman2001/railsapps/peaceful-island-3906/app/helpers/application_helper.rb": [
        1,
        null
      ],
      "/Users/cynicman2001/railsapps/peaceful-island-3906/app/helpers/dibs_helper.rb": [
        1,
        null
      ],
      "/Users/cynicman2001/railsapps/peaceful-island-3906/app/helpers/feedbacks_helper.rb": [
        1,
        null
      ],
      "/Users/cynicman2001/railsapps/peaceful-island-3906/app/helpers/messages_helper.rb": [
        1,
        null
      ],
      "/Users/cynicman2001/railsapps/peaceful-island-3906/app/helpers/posts_helper.rb": [
        1,
        null
      ],
      "/Users/cynicman2001/railsapps/peaceful-island-3906/app/helpers/sessions_helper.rb": [
        1,
        null
      ],
      "/Users/cynicman2001/railsapps/peaceful-island-3906/app/helpers/users_helper.rb": [
        1,
        null
      ],
      "/Users/cynicman2001/railsapps/peaceful-island-3906/spec/vcr_setup.rb": [
        1,
        null,
        1,
        1,
        1,
        1,
        1,
        null
      ],
      "/Users/cynicman2001/railsapps/peaceful-island-3906/spec/support/authentication_helpers.rb": [
        1,
        null,
        1,
        1,
        9,
        9,
        null,
        null,
        null,
        null,
        null
      ],
      "/Users/cynicman2001/railsapps/peaceful-island-3906/app/controllers/messages_controller.rb": [
        1,
        1,
        1,
        null,
        null,
        null,
        null,
        1,
        2,
        2,
        null,
        null,
        null,
        null,
        1,
        0,
        null,
        null,
        0,
        0,
        0,
        0,
        0,
        null,
        0,
        null,
        null,
        null,
        null,
        1,
        null,
        1,
        3,
        null,
        null,
        1,
        3,
        1,
        null,
        null,
        null,
        null,
        1,
        0,
        null,
        null
      ],
      "/Users/cynicman2001/railsapps/peaceful-island-3906/app/controllers/application_controller.rb": [
        1,
        null,
        null,
        1,
        null,
        1,
        null,
        null,
        1,
        null,
        1,
        12,
        null,
        null,
        null,
        null,
        null,
        null
      ],
      "/Users/cynicman2001/railsapps/peaceful-island-3906/spec/controllers/posts_controller_spec.rb": [
        1,
        null,
        1,
        1,
        null,
        1,
        null,
        null,
        1,
        5,
        5,
        null,
        null,
        null,
        null,
        null,
        1,
        1,
        5,
        5,
        5,
        null,
        null,
        1,
        null,
        1,
        1,
        1,
        null,
        null,
        null,
        1,
        null,
        1,
        1,
        1,
        1,
        null,
        1,
        1,
        1,
        1,
        null,
        null,
        1,
        null,
        1,
        null,
        1,
        1,
        1,
        null,
        null,
        1,
        null,
        1,
        null,
        1,
        1,
        1,
        null,
        1,
        null,
        1,
        1,
        1,
        1,
        null,
        1,
        1,
        1,
        1,
        null,
        null,
        null,
        1,
        1,
        4,
        null,
        null,
        1,
        null,
        1,
        1,
        1,
        null,
        null,
        null,
        1,
        1,
        3,
        3,
        null,
        null,
        null,
        1,
        1,
        1,
        1,
        1,
        null,
        1,
        1,
        1,
        1,
        1,
        null,
        null,
        1,
        1,
        1,
        1,
        null,
        null,
        null,
        null,
        null,
        1,
        null,
        null,
        1,
        3,
        3,
        null,
        1,
        1,
        1,
        1,
        null,
        null,
        null,
        null,
        1,
        null,
        1,
        1,
        1,
        1,
        null,
        null,
        null,
        1,
        1,
        1,
        1,
        1,
        1,
        null,
        null,
        null,
        1,
        null,
        null,
        1,
        3,
        3,
        3,
        null,
        1,
        1,
        1,
        1,
        null,
        null,
        1,
        null,
        1,
        1,
        1,
        1,
        null,
        1,
        1,
        1,
        1,
        1,
        1,
        1,
        2,
        null,
        null,
        null,
        null,
        null
      ],
      "/Users/cynicman2001/railsapps/peaceful-island-3906/app/controllers/posts_controller.rb": [
        1,
        null,
        1,
        null,
        null,
        null,
        null,
        null,
        1,
        0,
        null,
        0,
        0,
        null,
        0,
        null,
        null,
        null,
        null,
        null,
        1,
        4,
        7,
        3,
        3,
        3,
        1,
        1,
        null,
        2,
        null,
        null,
        1,
        null,
        null,
        null,
        null,
        null,
        1,
        3,
        null,
        2,
        null,
        2,
        2,
        2,
        2,
        null,
        null,
        1,
        null,
        null,
        null,
        null,
        null,
        null,
        1,
        5,
        null,
        5,
        null,
        null,
        null,
        1,
        0,
        0,
        0,
        0,
        null,
        0,
        0,
        null,
        null,
        null,
        null,
        1,
        0,
        0,
        0,
        0,
        0,
        null,
        0,
        null,
        0,
        null,
        null,
        null,
        1,
        3,
        2,
        2,
        null,
        1,
        null,
        null,
        null,
        null,
        1,
        null,
        1,
        0,
        null,
        null,
        null,
        1,
        3,
        null,
        1,
        4,
        null,
        null,
        1,
        2,
        2,
        2,
        2,
        2,
        2,
        null,
        null,
        null,
        null
      ],
      "/Users/cynicman2001/railsapps/peaceful-island-3906/spec/controllers/sessions_controller_spec.rb": [
        1,
        null,
        1,
        null,
        1,
        1,
        2,
        2,
        null,
        null,
        1,
        2,
        2,
        null,
        1,
        1,
        1,
        null,
        null,
        null,
        1,
        2,
        2,
        1,
        1,
        null,
        null,
        null,
        null,
        null,
        null,
        1,
        1,
        null,
        1,
        1,
        null,
        null,
        null,
        1,
        1,
        2,
        2,
        null,
        null,
        1,
        1,
        1,
        1,
        1,
        null,
        null,
        null,
        1,
        1,
        1,
        1,
        1,
        null,
        null,
        null,
        null,
        null
      ],
      "/Users/cynicman2001/railsapps/peaceful-island-3906/app/controllers/sessions_controller.rb": [
        1,
        1,
        null,
        4,
        null,
        4,
        3,
        3,
        3,
        3,
        3,
        3,
        null,
        null,
        1,
        null,
        null,
        null,
        1,
        2,
        2,
        2,
        2,
        2,
        2,
        null,
        null,
        1,
        2,
        null,
        1,
        null,
        1,
        null,
        null,
        null,
        null,
        1,
        null,
        1,
        0,
        null,
        null,
        null
      ],
      "/Users/cynicman2001/railsapps/peaceful-island-3906/spec/controllers/users_controller_spec.rb": [
        null,
        1,
        null,
        1,
        null,
        1,
        1,
        2,
        null,
        null,
        1,
        2,
        null,
        1,
        1,
        null,
        null,
        null,
        null,
        1,
        2,
        null,
        1,
        1,
        null,
        null,
        null,
        null,
        null,
        null,
        null
      ],
      "/Users/cynicman2001/railsapps/peaceful-island-3906/app/controllers/users_controller.rb": [
        1,
        1,
        null,
        null,
        null,
        1,
        null,
        null,
        null,
        null,
        1,
        2,
        2,
        2,
        2,
        2,
        null,
        null,
        null,
        null,
        2,
        1,
        1,
        null,
        1,
        null,
        null,
        null,
        null,
        null,
        null,
        1,
        0,
        0,
        0,
        0,
        null,
        0,
        null,
        null,
        null,
        null,
        null,
        null,
        null,
        1,
        0,
        0,
        null,
        0,
        0,
        null,
        0,
        0,
        null,
        0,
        0,
        null,
        null,
        0,
        0,
        null,
        null,
        null,
        null,
        null,
        null,
        1,
        null,
        1,
        0,
        null,
        null,
        null,
        1,
        2,
        null,
        null
      ],
      "/Users/cynicman2001/railsapps/peaceful-island-3906/spec/models/post_spec.rb": [
        1,
        null,
        1,
        1,
        1,
        1,
        4,
        4,
        4,
        null,
        null,
        1,
        1,
        null,
        1,
        1,
        1,
        1,
        2,
        null,
        1,
        1,
        null,
        null,
        null,
        1,
        1,
        null,
        null,
        null,
        null,
        null,
        null,
        null,
        null
      ],
      "/Users/cynicman2001/railsapps/peaceful-island-3906/app/models/post.rb": [
        1,
        null,
        1,
        1,
        1,
        null,
        null,
        null,
        null,
        1,
        1,
        1,
        null,
        28,
        null,
        1,
        1,
        1,
        1,
        1,
        null,
        1,
        4,
        null,
        null,
        1,
        3,
        3,
        3,
        3,
        3,
        null,
        null,
        1,
        3,
        null,
        null,
        null,
        null,
        1,
        0,
        null,
        null,
        null,
        null,
        null,
        1,
        16,
        null,
        null,
        1,
        null,
        1,
        null,
        24,
        null,
        null,
        null
      ],
      "/Users/cynicman2001/railsapps/peaceful-island-3906/app/models/user.rb": [
        1,
        1,
        1,
        1,
        1,
        null,
        null,
        1,
        1,
        null,
        1,
        1,
        1,
        1,
        1,
        1,
        1,
        1,
        null,
        1,
        4,
        4,
        3,
        null,
        null,
        null,
        null,
        null,
        1,
        34,
        34,
        34,
        null,
        null,
        null,
        1,
        8,
        null,
        null,
        null,
        1,
        34,
        null,
        null
      ],
      "/Users/cynicman2001/railsapps/peaceful-island-3906/app/models/dib.rb": [
        1,
        1,
        1,
        null,
        1,
        null,
        null,
        1,
        1,
        null,
        1,
        1,
        1,
        null,
        null,
        null,
        1,
        2,
        null,
        null
      ],
      "/Users/cynicman2001/railsapps/peaceful-island-3906/app/models/message.rb": [
        1,
        1,
        1,
        1,
        null,
        1,
        null,
        6,
        null,
        1,
        1,
        1,
        1,
        null,
        1,
        0,
        null,
        0,
        0,
        0,
        null,
        null,
        null,
        null,
        null,
        null,
        null,
        0,
        0,
        0,
        null,
        null,
        0,
        null,
        null,
        null,
        null,
        1,
        0,
        null,
        null
      ],
      "/Users/cynicman2001/railsapps/peaceful-island-3906/app/serializers/post_serializer.rb": [
        1,
        1,
        null,
        1,
        4,
        null,
        null
      ]
    },
    "timestamp": 1427824249
  },
  "Cucumber Features": {
    "coverage": {
      "/Users/cynicman2001/railsapps/peaceful-island-3906/app/models/user.rb": [
        1,
        1,
        1,
        1,
        1,
        null,
        null,
        1,
        1,
        null,
        1,
        1,
        1,
        1,
        1,
        1,
        1,
        1,
        null,
        1,
        1,
        1,
        1,
        null,
        null,
        null,
        null,
        null,
        1,
        2,
        2,
        2,
        null,
        null,
        null,
        1,
        0,
        null,
        null,
        null,
        1,
        2,
        null,
        null
      ],
      "/Users/cynicman2001/railsapps/peaceful-island-3906/app/models/post.rb": [
        1,
        null,
        1,
        1,
        1,
        null,
        null,
        null,
        null,
        1,
        1,
        1,
        null,
        13,
        null,
        1,
        1,
        1,
        1,
        1,
        null,
        1,
        0,
        null,
        null,
        1,
        0,
        0,
        0,
        0,
        0,
        null,
        null,
        1,
        0,
        null,
        null,
        null,
        null,
        1,
        0,
        null,
        null,
        null,
        null,
        null,
        1,
        10,
        null,
        null,
        1,
        null,
        1,
        null,
        10,
        null,
        null,
        null
      ],
      "/Users/cynicman2001/railsapps/peaceful-island-3906/app/models/dib.rb": [
        1,
        1,
        1,
        null,
        1,
        null,
        null,
        1,
        1,
        null,
        1,
        1,
        1,
        null,
        null,
        null,
        1,
        0,
        null,
        null
      ],
      "/Users/cynicman2001/railsapps/peaceful-island-3906/app/models/message.rb": [
        1,
        1,
        1,
        1,
        null,
        1,
        null,
        1,
        null,
        1,
        1,
        1,
        1,
        null,
        1,
        0,
        null,
        0,
        0,
        0,
        null,
        null,
        null,
        null,
        null,
        null,
        null,
        0,
        0,
        0,
        null,
        null,
        0,
        null,
        null,
        null,
        null,
        1,
        0,
        null,
        null
      ],
      "/Users/cynicman2001/railsapps/peaceful-island-3906/app/controllers/posts_controller.rb": [
        1,
        null,
        1,
        null,
        null,
        null,
        null,
        null,
        1,
        7,
        null,
        7,
        0,
        null,
        7,
        null,
        null,
        null,
        null,
        null,
        1,
        0,
        0,
        0,
        0,
        0,
        0,
        0,
        null,
        0,
        null,
        null,
        0,
        null,
        null,
        null,
        null,
        null,
        1,
        0,
        null,
        0,
        null,
        0,
        0,
        0,
        0,
        null,
        null,
        0,
        null,
        null,
        null,
        null,
        null,
        null,
        1,
        2,
        null,
        2,
        null,
        null,
        null,
        1,
        0,
        0,
        0,
        0,
        null,
        0,
        0,
        null,
        null,
        null,
        null,
        1,
        0,
        0,
        0,
        0,
        0,
        null,
        0,
        null,
        0,
        null,
        null,
        null,
        1,
        2,
        0,
        0,
        null,
        2,
        null,
        null,
        null,
        null,
        1,
        null,
        1,
        0,
        null,
        null,
        null,
        1,
        0,
        null,
        1,
        0,
        null,
        null,
        1,
        0,
        0,
        0,
        0,
        0,
        0,
        null,
        null,
        null,
        null
      ],
      "/Users/cynicman2001/railsapps/peaceful-island-3906/app/controllers/application_controller.rb": [
        1,
        null,
        null,
        1,
        null,
        1,
        null,
        null,
        1,
        null,
        1,
        6,
        null,
        null,
        null,
        null,
        null,
        null
      ],
      "/Users/cynicman2001/railsapps/peaceful-island-3906/app/helpers/application_helper.rb": [
        1,
        null
      ],
      "/Users/cynicman2001/railsapps/peaceful-island-3906/app/helpers/dibs_helper.rb": [
        1,
        null
      ],
      "/Users/cynicman2001/railsapps/peaceful-island-3906/app/helpers/feedbacks_helper.rb": [
        1,
        null
      ],
      "/Users/cynicman2001/railsapps/peaceful-island-3906/app/helpers/messages_helper.rb": [
        1,
        null
      ],
      "/Users/cynicman2001/railsapps/peaceful-island-3906/app/helpers/posts_helper.rb": [
        1,
        null
      ],
      "/Users/cynicman2001/railsapps/peaceful-island-3906/app/helpers/sessions_helper.rb": [
        1,
        null
      ],
      "/Users/cynicman2001/railsapps/peaceful-island-3906/app/helpers/users_helper.rb": [
        1,
        null
      ],
      "/Users/cynicman2001/railsapps/peaceful-island-3906/app/controllers/sessions_controller.rb": [
        1,
        1,
        null,
        1,
        null,
        1,
        1,
        1,
        1,
        1,
        1,
        1,
        null,
        null,
        0,
        null,
        null,
        null,
        1,
        0,
        0,
        0,
        0,
        0,
        0,
        null,
        null,
        1,
        2,
        null,
        0,
        null,
        2,
        null,
        null,
        null,
        null,
        1,
        null,
        1,
        0,
        null,
        null,
        null
      ],
      "/Users/cynicman2001/railsapps/peaceful-island-3906/app/serializers/post_serializer.rb": [
        1,
        1,
        null,
        1,
        10,
        null,
        null
      ],
      "/Users/cynicman2001/railsapps/peaceful-island-3906/app/controllers/users_controller.rb": [
        1,
        1,
        null,
        null,
        null,
        1,
        null,
        null,
        null,
        null,
        1,
        1,
        1,
        1,
        1,
        1,
        null,
        null,
        null,
        null,
        1,
        1,
        1,
        null,
        0,
        null,
        null,
        null,
        null,
        null,
        null,
        1,
        0,
        0,
        0,
        0,
        null,
        0,
        null,
        null,
        null,
        null,
        null,
        null,
        null,
        1,
        0,
        0,
        null,
        0,
        0,
        null,
        0,
        0,
        null,
        0,
        0,
        null,
        null,
        0,
        0,
        null,
        null,
        null,
        null,
        null,
        null,
        1,
        null,
        1,
        0,
        null,
        null,
        null,
        1,
        1,
        null,
        null
      ]
    },
    "timestamp": 1427824353
  }
}
